<?xml version="1.0" encoding="UTF-8"?>
<testsuite xmlns:xsi="http://www.w3.org/2001/XMLSchema-instance" xsi:noNamespaceSchemaLocation="https://maven.apache.org/surefire/maven-surefire-plugin/xsd/surefire-test-report.xsd" name="QuadraticFunctionHamcrestTest" time="0.002" tests="10" errors="0" skipped="0" failures="0">
  <properties>
[...]
</properties>
  <testcase name="shouldThrowExceptionWithNegativeInfinities" classname="QuadraticFunctionHamcrestTest" time="0"/>
  <testcase name="shouldThrowExceptionWithPositiveInfinities" classname="QuadraticFunctionHamcrestTest" time="0"/>
  <testcase name="shouldContainSameValuesWithDeltaEqualToZero" classname="QuadraticFunctionHamcrestTest" time="0"/>
  <testcase name="shouldThrowExceptionWithAllZeros" classname="QuadraticFunctionHamcrestTest" time="0"/>
  <testcase name="shouldThrowExceptionWhenGivenOnlyAAndC" classname="QuadraticFunctionHamcrestTest" time="0"/>
  <testcase name="shouldContainDifferentValuesWithDeltaGreaterThanZero" classname="QuadraticFunctionHamcrestTest" time="0"/>
  <testcase name="shouldThrowExceptionWithNoQuadraticFunction" classname="QuadraticFunctionHamcrestTest" time="0"/>
  <testcase name="shouldContainSameValuesWhenOnlyAIsGiven" classname="QuadraticFunctionHamcrestTest" time="0"/>
  <testcase name="shouldThrowExceptionWithNegativeDelta" classname="QuadraticFunctionHamcrestTest" time="0"/>
  <testcase name="shouldContainDifferentValuesWhenGivenAAndNegativeC" classname="QuadraticFunctionHamcrestTest" time="0"/>
</testsuite>